D:\Repos\E-Commerce-Boot-Camp-Team2\ABBI\ABBI.API\ClientApp\dist\out-tsc\e2e\src\app.po.js
D:\Repos\E-Commerce-Boot-Camp-Team2\ABBI\ABBI.API\ClientApp\dist\out-tsc\e2e\src\app.po.js.map
D:\Repos\E-Commerce-Boot-Camp-Team2\ABBI\ABBI.API\ClientApp\dist\out-tsc\e2e\src\app.e2e-spec.js
D:\Repos\E-Commerce-Boot-Camp-Team2\ABBI\ABBI.API\ClientApp\dist\out-tsc\e2e\src\app.e2e-spec.js.map
D:\Repos\E-Commerce-Boot-Camp-Team2\ABBI\ABBI.API\ClientApp\dist\out-tsc\src\app\app.component.js
D:\Repos\E-Commerce-Boot-Camp-Team2\ABBI\ABBI.API\ClientApp\dist\out-tsc\src\app\app.component.js.map
D:\Repos\E-Commerce-Boot-Camp-Team2\ABBI\ABBI.API\ClientApp\dist\out-tsc\src\app\nav-menu\nav-menu.component.js
D:\Repos\E-Commerce-Boot-Camp-Team2\ABBI\ABBI.API\ClientApp\dist\out-tsc\src\app\nav-menu\nav-menu.component.js.map
D:\Repos\E-Commerce-Boot-Camp-Team2\ABBI\ABBI.API\ClientApp\dist\out-tsc\src\app\home\home.component.js
D:\Repos\E-Commerce-Boot-Camp-Team2\ABBI\ABBI.API\ClientApp\dist\out-tsc\src\app\home\home.component.js.map
D:\Repos\E-Commerce-Boot-Camp-Team2\ABBI\ABBI.API\ClientApp\dist\out-tsc\src\app\counter\counter.component.js
D:\Repos\E-Commerce-Boot-Camp-Team2\ABBI\ABBI.API\ClientApp\dist\out-tsc\src\app\counter\counter.component.js.map
D:\Repos\E-Commerce-Boot-Camp-Team2\ABBI\ABBI.API\ClientApp\dist\out-tsc\src\app\fetch-data\fetch-data.component.js
D:\Repos\E-Commerce-Boot-Camp-Team2\ABBI\ABBI.API\ClientApp\dist\out-tsc\src\app\fetch-data\fetch-data.component.js.map
D:\Repos\E-Commerce-Boot-Camp-Team2\ABBI\ABBI.API\ClientApp\dist\out-tsc\src\app\app.module.js
D:\Repos\E-Commerce-Boot-Camp-Team2\ABBI\ABBI.API\ClientApp\dist\out-tsc\src\app\app.module.js.map
D:\Repos\E-Commerce-Boot-Camp-Team2\ABBI\ABBI.API\ClientApp\dist\out-tsc\src\environments\environment.js
D:\Repos\E-Commerce-Boot-Camp-Team2\ABBI\ABBI.API\ClientApp\dist\out-tsc\src\environments\environment.js.map
D:\Repos\E-Commerce-Boot-Camp-Team2\ABBI\ABBI.API\ClientApp\dist\out-tsc\src\main.js
D:\Repos\E-Commerce-Boot-Camp-Team2\ABBI\ABBI.API\ClientApp\dist\out-tsc\src\main.js.map
D:\Repos\E-Commerce-Boot-Camp-Team2\ABBI\ABBI.API\ClientApp\dist\out-tsc\src\polyfills.js
D:\Repos\E-Commerce-Boot-Camp-Team2\ABBI\ABBI.API\ClientApp\dist\out-tsc\src\polyfills.js.map
D:\Repos\E-Commerce-Boot-Camp-Team2\ABBI\ABBI.API\ClientApp\dist\out-tsc\src\test.js
D:\Repos\E-Commerce-Boot-Camp-Team2\ABBI\ABBI.API\ClientApp\dist\out-tsc\src\test.js.map
D:\Repos\E-Commerce-Boot-Camp-Team2\ABBI\ABBI.API\ClientApp\dist\out-tsc\src\app\app.server.module.js
D:\Repos\E-Commerce-Boot-Camp-Team2\ABBI\ABBI.API\ClientApp\dist\out-tsc\src\app\app.server.module.js.map
D:\Repos\E-Commerce-Boot-Camp-Team2\ABBI\ABBI.API\ClientApp\dist\out-tsc\src\app\counter\counter.component.spec.js
D:\Repos\E-Commerce-Boot-Camp-Team2\ABBI\ABBI.API\ClientApp\dist\out-tsc\src\app\counter\counter.component.spec.js.map
D:\Repos\E-Commerce-Boot-Camp-Team2\ABBI\ABBI.API\ClientApp\dist\out-tsc\src\environments\environment.prod.js
D:\Repos\E-Commerce-Boot-Camp-Team2\ABBI\ABBI.API\ClientApp\dist\out-tsc\src\environments\environment.prod.js.map
